Arguments: 
  C:\Program Files\nodejs\node.exe C:\Users\Ihor\.node\corepack\yarn\1.22.15\bin\yarn.js add @fortawesome/fontawesome-svg-core

PATH: 
  C:\Program Files\PowerShell\7;C:\Python310\Scripts\;C:\Python310\;C:\Program Files (x86)\Microsoft SDKs\Azure\CLI2\wbin;C:\Windows\system32;C:\Windows;C:\Windows\System32\Wbem;C:\Windows\System32\WindowsPowerShell\v1.0\;C:\Windows\System32\OpenSSH\;C:\Program Files\Docker\Docker\resources\bin;C:\ProgramData\DockerDesktop\version-bin;C:\Program Files\PowerShell\7\;C:\Program Files\Microsoft\Azure Functions Core Tools\;C:\Program Files\dotnet\;C:\ProgramData\chocolatey\bin;C:\Program Files\Microsoft SQL Server\150\Tools\Binn\;C:\Program Files\Microsoft SQL Server\Client SDK\ODBC\170\Tools\Binn\;C:\ProgramData\chocolatey\lib\pulumi\tools\Pulumi\bin;C:\Program Files\Git\cmd;C:\Program Files\Go\bin;C:\Users\Ihor\AppData\Roaming\nvm;C:\Program Files\nodejs;C:\Program Files\Amazon\AWSCLIV2\;C:\Users\Ihor\AppData\Local\Microsoft\WindowsApps;C:\Users\Ihor\AppData\Local\Programs\Microsoft VS Code\bin;C:\Users\Ihor\AppData\Local\Programs\oh-my-posh\bin;C:\Users\Ihor\AppData\Local\Programs\oh-my-posh\themes;C:\Users\Ihor\.dotnet\tools;C:\Users\Ihor\AppData\Roaming\npm;C:\Users\Ihor\go\bin;C:\Users\Ihor\AppData\Roaming\nvm;C:\Program Files\nodejs;c:\dapr;C:\Users\Ihor\.dapr\bin;C:\Users\Ihor\.dapr\bin;C:\Users\Ihor\AppData\Local\Keybase\;C:\Program Files\PostgreSQL\14\bin;

Yarn version: 
  1.22.15

Node version: 
  16.13.0

Platform: 
  win32 x64

Trace: 
  Error: EPERM: operation not permitted, unlink 'C:\work\joystream\youtube-synch\youtube-sync-ui\node_modules\esbuild-windows-64\esbuild.exe'

npm manifest: 
  {
    "name": "youtube-sync-ui",
    "version": "0.0.0",
    "scripts": {
      "dev": "vite",
      "build": "tsc && vite build",
      "preview": "vite preview"
    },
    "dependencies": {
      "daisyui": "^1.22.0",
      "react": "^17.0.2",
      "react-copy-to-clipboard": "^5.0.4",
      "react-dom": "^17.0.2",
      "react-google-login": "^5.2.2"
    },
    "devDependencies": {
      "@types/react": "^17.0.33",
      "@types/react-copy-to-clipboard": "^5.0.2",
      "@types/react-dom": "^17.0.10",
      "@vitejs/plugin-react": "^1.0.7",
      "autoprefixer": "^10.4.2",
      "postcss": "^8.4.5",
      "tailwindcss": "^3.0.13",
      "typescript": "^4.4.4",
      "vite": "^2.7.2"
    }
  }

yarn manifest: 
  No manifest

Lockfile: 
  # THIS IS AN AUTOGENERATED FILE. DO NOT EDIT THIS FILE DIRECTLY.
  # yarn lockfile v1
  
  
  "@babel/code-frame@^7.0.0", "@babel/code-frame@^7.16.7":
    "integrity" "sha512-iAXqUn8IIeBTNd72xsFlgaXHkMBMt6y4HJp1tIaK465CWLT/fG1aqB7ykr95gHHmlBdGbFeWWfyB4NJJ0nmeIg=="
    "resolved" "https://registry.npmjs.org/@babel/code-frame/-/code-frame-7.16.7.tgz"
    "version" "7.16.7"
    dependencies:
      "@babel/highlight" "^7.16.7"
  
  "@babel/compat-data@^7.16.4":
    "integrity" "sha512-m7OkX0IdKLKPpBlJtF561YJal5y/jyI5fNfWbPxh2D/nbzzGI4qRyrD8xO2jB24u7l+5I2a43scCG2IrfjC50Q=="
    "resolved" "https://registry.npmjs.org/@babel/compat-data/-/compat-data-7.16.8.tgz"
    "version" "7.16.8"
  
  "@babel/core@^7.0.0", "@babel/core@^7.0.0-0", "@babel/core@^7.16.5":
    "integrity" "sha512-aeLaqcqThRNZYmbMqtulsetOQZ/5gbR/dWruUCJcpas4Qoyy+QeagfDsPdMrqwsPRDNxJvBlRiZxxX7THO7qtA=="
    "resolved" "https://registry.npmjs.org/@babel/core/-/core-7.16.7.tgz"
    "version" "7.16.7"
    dependencies:
      "@babel/code-frame" "^7.16.7"
      "@babel/generator" "^7.16.7"
      "@babel/helper-compilation-targets" "^7.16.7"
      "@babel/helper-module-transforms" "^7.16.7"
      "@babel/helpers" "^7.16.7"
      "@babel/parser" "^7.16.7"
      "@babel/template" "^7.16.7"
      "@babel/traverse" "^7.16.7"
      "@babel/types" "^7.16.7"
      "convert-source-map" "^1.7.0"
      "debug" "^4.1.0"
      "gensync" "^1.0.0-beta.2"
      "json5" "^2.1.2"
      "semver" "^6.3.0"
      "source-map" "^0.5.0"
  
  "@babel/generator@^7.16.7", "@babel/generator@^7.16.8":
    "integrity" "sha512-1ojZwE9+lOXzcWdWmO6TbUzDfqLD39CmEhN8+2cX9XkDo5yW1OpgfejfliysR2AWLpMamTiOiAp/mtroaymhpw=="
    "resolved" "https://registry.npmjs.org/@babel/generator/-/generator-7.16.8.tgz"
    "version" "7.16.8"
    dependencies:
      "@babel/types" "^7.16.8"
      "jsesc" "^2.5.1"
      "source-map" "^0.5.0"
  
  "@babel/helper-annotate-as-pure@^7.16.7":
    "integrity" "sha512-s6t2w/IPQVTAET1HitoowRGXooX8mCgtuP5195wD/QJPV6wYjpujCGF7JuMODVX2ZAJOf1GT6DT9MHEZvLOFSw=="
    "resolved" "https://registry.npmjs.org/@babel/helper-annotate-as-pure/-/helper-annotate-as-pure-7.16.7.tgz"
    "version" "7.16.7"
    dependencies:
      "@babel/types" "^7.16.7"
  
  "@babel/helper-compilation-targets@^7.16.7":
    "integrity" "sha512-mGojBwIWcwGD6rfqgRXVlVYmPAv7eOpIemUG3dGnDdCY4Pae70ROij3XmfrH6Fa1h1aiDylpglbZyktfzyo/hA=="
    "resolved" "https://registry.npmjs.org/@babel/helper-compilation-targets/-/helper-compilation-targets-7.16.7.tgz"
    "version" "7.16.7"
    dependencies:
      "@babel/compat-data" "^7.16.4"
      "@babel/helper-validator-option" "^7.16.7"
      "browserslist" "^4.17.5"
      "semver" "^6.3.0"
  
  "@babel/helper-environment-visitor@^7.16.7":
    "integrity" "sha512-SLLb0AAn6PkUeAfKJCCOl9e1R53pQlGAfc4y4XuMRZfqeMYLE0dM1LMhqbGAlGQY0lfw5/ohoYWAe9V1yibRag=="
    "resolved" "https://registry.npmjs.org/@babel/helper-environment-visitor/-/helper-environment-visitor-7.16.7.tgz"
    "version" "7.16.7"
    dependencies:
      "@babel/types" "^7.16.7"
  
  "@babel/helper-function-name@^7.16.7":
    "integrity" "sha512-QfDfEnIUyyBSR3HtrtGECuZ6DAyCkYFp7GHl75vFtTnn6pjKeK0T1DB5lLkFvBea8MdaiUABx3osbgLyInoejA=="
    "resolved" "https://registry.npmjs.org/@babel/helper-function-name/-/helper-function-name-7.16.7.tgz"
    "version" "7.16.7"
    dependencies:
      "@babel/helper-get-function-arity" "^7.16.7"
      "@babel/template" "^7.16.7"
      "@babel/types" "^7.16.7"
  
  "@babel/helper-get-function-arity@^7.16.7":
    "integrity" "sha512-flc+RLSOBXzNzVhcLu6ujeHUrD6tANAOU5ojrRx/as+tbzf8+stUCj7+IfRRoAbEZqj/ahXEMsjhOhgeZsrnTw=="
    "resolved" "https://registry.npmjs.org/@babel/helper-get-function-arity/-/helper-get-function-arity-7.16.7.tgz"
    "version" "7.16.7"
    dependencies:
      "@babel/types" "^7.16.7"
  
  "@babel/helper-hoist-variables@^7.16.7":
    "integrity" "sha512-m04d/0Op34H5v7pbZw6pSKP7weA6lsMvfiIAMeIvkY/R4xQtBSMFEigu9QTZ2qB/9l22vsxtM8a+Q8CzD255fg=="
    "resolved" "https://registry.npmjs.org/@babel/helper-hoist-variables/-/helper-hoist-variables-7.16.7.tgz"
    "version" "7.16.7"
    dependencies:
      "@babel/types" "^7.16.7"
  
  "@babel/helper-module-imports@^7.16.7":
    "integrity" "sha512-LVtS6TqjJHFc+nYeITRo6VLXve70xmq7wPhWTqDJusJEgGmkAACWwMiTNrvfoQo6hEhFwAIixNkvB0jPXDL8Wg=="
    "resolved" "https://registry.npmjs.org/@babel/helper-module-imports/-/helper-module-imports-7.16.7.tgz"
    "version" "7.16.7"
    dependencies:
      "@babel/types" "^7.16.7"
  
  "@babel/helper-module-transforms@^7.16.7":
    "integrity" "sha512-gaqtLDxJEFCeQbYp9aLAefjhkKdjKcdh6DB7jniIGU3Pz52WAmP268zK0VgPz9hUNkMSYeH976K2/Y6yPadpng=="
    "resolved" "https://registry.npmjs.org/@babel/helper-module-transforms/-/helper-module-transforms-7.16.7.tgz"
    "version" "7.16.7"
    dependencies:
      "@babel/helper-environment-visitor" "^7.16.7"
      "@babel/helper-module-imports" "^7.16.7"
      "@babel/helper-simple-access" "^7.16.7"
      "@babel/helper-split-export-declaration" "^7.16.7"
      "@babel/helper-validator-identifier" "^7.16.7"
      "@babel/template" "^7.16.7"
      "@babel/traverse" "^7.16.7"
      "@babel/types" "^7.16.7"
  
  "@babel/helper-plugin-utils@^7.16.7":
    "integrity" "sha512-Qg3Nk7ZxpgMrsox6HreY1ZNKdBq7K72tDSliA6dCl5f007jR4ne8iD5UzuNnCJH2xBf2BEEVGr+/OL6Gdp7RxA=="
    "resolved" "https://registry.npmjs.org/@babel/helper-plugin-utils/-/helper-plugin-utils-7.16.7.tgz"
    "version" "7.16.7"
  
  "@babel/helper-simple-access@^7.16.7":
    "integrity" "sha512-ZIzHVyoeLMvXMN/vok/a4LWRy8G2v205mNP0XOuf9XRLyX5/u9CnVulUtDgUTama3lT+bf/UqucuZjqiGuTS1g=="
    "resolved" "https://registry.npmjs.org/@babel/helper-simple-access/-/helper-simple-access-7.16.7.tgz"
    "version" "7.16.7"
    dependencies:
      "@babel/types" "^7.16.7"
  
  "@babel/helper-split-export-declaration@^7.16.7":
    "integrity" "sha512-xbWoy/PFoxSWazIToT9Sif+jJTlrMcndIsaOKvTA6u7QEo7ilkRZpjew18/W3c7nm8fXdUDXh02VXTbZ0pGDNw=="
    "resolved" "https://registry.npmjs.org/@babel/helper-split-export-declaration/-/helper-split-export-declaration-7.16.7.tgz"
    "version" "7.16.7"
    dependencies:
      "@babel/types" "^7.16.7"
  
  "@babel/helper-validator-identifier@^7.16.7":
    "integrity" "sha512-hsEnFemeiW4D08A5gUAZxLBTXpZ39P+a+DGDsHw1yxqyQ/jzFEnxf5uTEGp+3bzAbNOxU1paTgYS4ECU/IgfDw=="
    "resolved" "https://registry.npmjs.org/@babel/helper-validator-identifier/-/helper-validator-identifier-7.16.7.tgz"
    "version" "7.16.7"
  
  "@babel/helper-validator-option@^7.16.7":
    "integrity" "sha512-TRtenOuRUVo9oIQGPC5G9DgK4743cdxvtOw0weQNpZXaS16SCBi5MNjZF8vba3ETURjZpTbVn7Vvcf2eAwFozQ=="
    "resolved" "https://registry.npmjs.org/@babel/helper-validator-option/-/helper-validator-option-7.16.7.tgz"
    "version" "7.16.7"
  
  "@babel/helpers@^7.16.7":
    "integrity" "sha512-9ZDoqtfY7AuEOt3cxchfii6C7GDyyMBffktR5B2jvWv8u2+efwvpnVKXMWzNehqy68tKgAfSwfdw/lWpthS2bw=="
    "resolved" "https://registry.npmjs.org/@babel/helpers/-/helpers-7.16.7.tgz"
    "version" "7.16.7"
    dependencies:
      "@babel/template" "^7.16.7"
      "@babel/traverse" "^7.16.7"
      "@babel/types" "^7.16.7"
  
  "@babel/highlight@^7.16.7":
    "integrity" "sha512-aKpPMfLvGO3Q97V0qhw/V2SWNWlwfJknuwAunU7wZLSfrM4xTBvg7E5opUVi1kJTBKihE38CPg4nBiqX83PWYw=="
    "resolved" "https://registry.npmjs.org/@babel/highlight/-/highlight-7.16.7.tgz"
    "version" "7.16.7"
    dependencies:
      "@babel/helper-validator-identifier" "^7.16.7"
      "chalk" "^2.0.0"
      "js-tokens" "^4.0.0"
  
  "@babel/parser@^7.16.7", "@babel/parser@^7.16.8":
    "integrity" "sha512-i7jDUfrVBWc+7OKcBzEe5n7fbv3i2fWtxKzzCvOjnzSxMfWMigAhtfJ7qzZNGFNMsCCd67+uz553dYKWXPvCKw=="
    "resolved" "https://registry.npmjs.org/@babel/parser/-/parser-7.16.8.tgz"
    "version" "7.16.8"
  
  "@babel/plugin-syntax-jsx@^7.16.7":
    "integrity" "sha512-Esxmk7YjA8QysKeT3VhTXvF6y77f/a91SIs4pWb4H2eWGQkCKFgQaG6hdoEVZtGsrAcb2K5BW66XsOErD4WU3Q=="
    "resolved" "https://registry.npmjs.org/@babel/plugin-syntax-jsx/-/plugin-syntax-jsx-7.16.7.tgz"
    "version" "7.16.7"
    dependencies:
      "@babel/helper-plugin-utils" "^7.16.7"
  
  "@babel/plugin-transform-react-jsx-development@^7.16.5":
    "integrity" "sha512-RMvQWvpla+xy6MlBpPlrKZCMRs2AGiHOGHY3xRwl0pEeim348dDyxeH4xBsMPbIMhujeq7ihE702eM2Ew0Wo+A=="
    "resolved" "https://registry.npmjs.org/@babel/plugin-transform-react-jsx-development/-/plugin-transform-react-jsx-development-7.16.7.tgz"
    "version" "7.16.7"
    dependencies:
      "@babel/plugin-transform-react-jsx" "^7.16.7"
  
  "@babel/plugin-transform-react-jsx-self@^7.16.5":
    "integrity" "sha512-oe5VuWs7J9ilH3BCCApGoYjHoSO48vkjX2CbA5bFVhIuO2HKxA3vyF7rleA4o6/4rTDbk6r8hBW7Ul8E+UZrpA=="
    "resolved" "https://registry.npmjs.org/@babel/plugin-transform-react-jsx-self/-/plugin-transform-react-jsx-self-7.16.7.tgz"
    "version" "7.16.7"
    dependencies:
      "@babel/helper-plugin-utils" "^7.16.7"
  
  "@babel/plugin-transform-react-jsx-source@^7.16.5":
    "integrity" "sha512-rONFiQz9vgbsnaMtQlZCjIRwhJvlrPET8TabIUK2hzlXw9B9s2Ieaxte1SCOOXMbWRHodbKixNf3BLcWVOQ8Bw=="
    "resolved" "https://registry.npmjs.org/@babel/plugin-transform-react-jsx-source/-/plugin-transform-react-jsx-source-7.16.7.tgz"
    "version" "7.16.7"
    dependencies:
      "@babel/helper-plugin-utils" "^7.16.7"
  
  "@babel/plugin-transform-react-jsx@^7.16.5", "@babel/plugin-transform-react-jsx@^7.16.7":
    "integrity" "sha512-8D16ye66fxiE8m890w0BpPpngG9o9OVBBy0gH2E+2AR7qMR2ZpTYJEqLxAsoroenMId0p/wMW+Blc0meDgu0Ag=="
    "resolved" "https://registry.npmjs.org/@babel/plugin-transform-react-jsx/-/plugin-transform-react-jsx-7.16.7.tgz"
    "version" "7.16.7"
    dependencies:
      "@babel/helper-annotate-as-pure" "^7.16.7"
      "@babel/helper-module-imports" "^7.16.7"
      "@babel/helper-plugin-utils" "^7.16.7"
      "@babel/plugin-syntax-jsx" "^7.16.7"
      "@babel/types" "^7.16.7"
  
  "@babel/template@^7.16.7":
    "integrity" "sha512-I8j/x8kHUrbYRTUxXrrMbfCa7jxkE7tZre39x3kjr9hvI82cK1FfqLygotcWN5kdPGWcLdWMHpSBavse5tWw3w=="
    "resolved" "https://registry.npmjs.org/@babel/template/-/template-7.16.7.tgz"
    "version" "7.16.7"
    dependencies:
      "@babel/code-frame" "^7.16.7"
      "@babel/parser" "^7.16.7"
      "@babel/types" "^7.16.7"
  
  "@babel/traverse@^7.16.7":
    "integrity" "sha512-xe+H7JlvKsDQwXRsBhSnq1/+9c+LlQcCK3Tn/l5sbx02HYns/cn7ibp9+RV1sIUqu7hKg91NWsgHurO9dowITQ=="
    "resolved" "https://registry.npmjs.org/@babel/traverse/-/traverse-7.16.8.tgz"
    "version" "7.16.8"
    dependencies:
      "@babel/code-frame" "^7.16.7"
      "@babel/generator" "^7.16.8"
      "@babel/helper-environment-visitor" "^7.16.7"
      "@babel/helper-function-name" "^7.16.7"
      "@babel/helper-hoist-variables" "^7.16.7"
      "@babel/helper-split-export-declaration" "^7.16.7"
      "@babel/parser" "^7.16.8"
      "@babel/types" "^7.16.8"
      "debug" "^4.1.0"
      "globals" "^11.1.0"
  
  "@babel/types@^7.16.7", "@babel/types@^7.16.8":
    "integrity" "sha512-smN2DQc5s4M7fntyjGtyIPbRJv6wW4rU/94fmYJ7PKQuZkC0qGMHXJbg6sNGt12JmVr4k5YaptI/XtiLJBnmIg=="
    "resolved" "https://registry.npmjs.org/@babel/types/-/types-7.16.8.tgz"
    "version" "7.16.8"
    dependencies:
      "@babel/helper-validator-identifier" "^7.16.7"
      "to-fast-properties" "^2.0.0"
  
  "@nodelib/fs.scandir@2.1.5":
    "integrity" "sha512-vq24Bq3ym5HEQm2NKCr3yXDwjc7vTsEThRDnkp2DK9p1uqLR+DHurm/NOTo0KG7HYHU7eppKZj3MyqYuMBf62g=="
    "resolved" "https://registry.npmjs.org/@nodelib/fs.scandir/-/fs.scandir-2.1.5.tgz"
    "version" "2.1.5"
    dependencies:
      "@nodelib/fs.stat" "2.0.5"
      "run-parallel" "^1.1.9"
  
  "@nodelib/fs.stat@^2.0.2", "@nodelib/fs.stat@2.0.5":
    "integrity" "sha512-RkhPPp2zrqDAQA/2jNhnztcPAlv64XdhIp7a7454A5ovI7Bukxgt7MX7udwAu3zg1DcpPU0rz3VV1SeaqvY4+A=="
    "resolved" "https://registry.npmjs.org/@nodelib/fs.stat/-/fs.stat-2.0.5.tgz"
    "version" "2.0.5"
  
  "@nodelib/fs.walk@^1.2.3":
    "integrity" "sha512-oGB+UxlgWcgQkgwo8GcEGwemoTFt3FIO9ababBmaGwXIoBKZ+GTy0pP185beGg7Llih/NSHSV2XAs1lnznocSg=="
    "resolved" "https://registry.npmjs.org/@nodelib/fs.walk/-/fs.walk-1.2.8.tgz"
    "version" "1.2.8"
    dependencies:
      "@nodelib/fs.scandir" "2.1.5"
      "fastq" "^1.6.0"
  
  "@rollup/pluginutils@^4.1.2":
    "integrity" "sha512-ROn4qvkxP9SyPeHaf7uQC/GPFY6L/OWy9+bd9AwcjOAWQwxRscoEyAUD8qCY5o5iL4jqQwoLk2kaTKJPb/HwzQ=="
    "resolved" "https://registry.npmjs.org/@rollup/pluginutils/-/pluginutils-4.1.2.tgz"
    "version" "4.1.2"
    dependencies:
      "estree-walker" "^2.0.1"
      "picomatch" "^2.2.2"
  
  "@types/parse-json@^4.0.0":
    "integrity" "sha512-//oorEZjL6sbPcKUaCdIGlIUeH26mgzimjBB77G6XRgnDl/L5wOnpyBGRe/Mmf5CVW3PwEBE1NjiMZ/ssFh4wA=="
    "resolved" "https://registry.npmjs.org/@types/parse-json/-/parse-json-4.0.0.tgz"
    "version" "4.0.0"
  
  "@types/prop-types@*":
    "integrity" "sha512-rZ5drC/jWjrArrS8BR6SIr4cWpW09RNTYt9AMZo3Jwwif+iacXAqgVjm0B0Bv/S1jhDXKHqRVNCbACkJ89RAnQ=="
    "resolved" "https://registry.npmjs.org/@types/prop-types/-/prop-types-15.7.4.tgz"
    "version" "15.7.4"
  
  "@types/react-copy-to-clipboard@^5.0.2":
    "integrity" "sha512-O29AThfxrkUFRsZXjfSWR2yaWo0ppB1yLEnHA+Oh24oNetjBAwTDu1PmolIqdJKzsZiO4J1jn6R6TmO96uBvGg=="
    "resolved" "https://registry.npmjs.org/@types/react-copy-to-clipboard/-/react-copy-to-clipboard-5.0.2.tgz"
    "version" "5.0.2"
    dependencies:
      "@types/react" "*"
  
  "@types/react-dom@^17.0.10":
    "integrity" "sha512-f96K3k+24RaLGVu/Y2Ng3e1EbZ8/cVJvypZWd7cy0ofCBaf2lcM46xNhycMZ2xGwbBjRql7hOlZ+e2WlJ5MH3Q=="
    "resolved" "https://registry.npmjs.org/@types/react-dom/-/react-dom-17.0.11.tgz"
    "version" "17.0.11"
    dependencies:
      "@types/react" "*"
  
  "@types/react@*", "@types/react@^17.0.33":
    "integrity" "sha512-SI92X1IA+FMnP3qM5m4QReluXzhcmovhZnLNm3pyeQlooi02qI7sLiepEYqT678uNiyc25XfCqxREFpy3W7YhQ=="
    "resolved" "https://registry.npmjs.org/@types/react/-/react-17.0.38.tgz"
    "version" "17.0.38"
    dependencies:
      "@types/prop-types" "*"
      "@types/scheduler" "*"
      "csstype" "^3.0.2"
  
  "@types/scheduler@*":
    "integrity" "sha512-hppQEBDmlwhFAXKJX2KnWLYu5yMfi91yazPb2l+lbJiwW+wdo1gNeRA+3RgNSO39WYX2euey41KEwnqesU2Jew=="
    "resolved" "https://registry.npmjs.org/@types/scheduler/-/scheduler-0.16.2.tgz"
    "version" "0.16.2"
  
  "@vitejs/plugin-react@^1.0.7":
    "integrity" "sha512-cMUBDonNY8PPeHWjIrYKbRn6bLSunh/Ixo2XLLBd3DM0uYBZft+c+04zkGhhN1lAwvoRKJ2FdtvhGhPgViHc6w=="
    "resolved" "https://registry.npmjs.org/@vitejs/plugin-react/-/plugin-react-1.1.4.tgz"
    "version" "1.1.4"
    dependencies:
      "@babel/core" "^7.16.5"
      "@babel/plugin-transform-react-jsx" "^7.16.5"
      "@babel/plugin-transform-react-jsx-development" "^7.16.5"
      "@babel/plugin-transform-react-jsx-self" "^7.16.5"
      "@babel/plugin-transform-react-jsx-source" "^7.16.5"
      "@rollup/pluginutils" "^4.1.2"
      "react-refresh" "^0.11.0"
      "resolve" "^1.20.0"
  
  "acorn-node@^1.6.1":
    "integrity" "sha512-8mt+fslDufLYntIoPAaIMUe/lrbrehIiwmR3t2k9LljIzoigEPF27eLk2hy8zSGzmR/ogr7zbRKINMo1u0yh5A=="
    "resolved" "https://registry.npmjs.org/acorn-node/-/acorn-node-1.8.2.tgz"
    "version" "1.8.2"
    dependencies:
      "acorn" "^7.0.0"
      "acorn-walk" "^7.0.0"
      "xtend" "^4.0.2"
  
  "acorn-walk@^7.0.0":
    "integrity" "sha512-OPdCF6GsMIP+Az+aWfAAOEt2/+iVDKE7oy6lJ098aoe59oAmK76qV6Gw60SbZ8jHuG2wH058GF4pLFbYamYrVA=="
    "resolved" "https://registry.npmjs.org/acorn-walk/-/acorn-walk-7.2.0.tgz"
    "version" "7.2.0"
  
  "acorn@^7.0.0":
    "integrity" "sha512-nQyp0o1/mNdbTO1PO6kHkwSrmgZ0MT/jCCpNiwbUjGoRN4dlBhqJtoQuCnEOKzgTVwg0ZWiCoQy6SxMebQVh8A=="
    "resolved" "https://registry.npmjs.org/acorn/-/acorn-7.4.1.tgz"
    "version" "7.4.1"
  
  "ansi-styles@^3.2.1":
    "integrity" "sha512-VT0ZI6kZRdTh8YyJw3SMbYm/u+NqfsAxEpWO0Pf9sq8/e94WxxOpPKx9FR1FlyCtOVDNOQ+8ntlqFxiRc+r5qA=="
    "resolved" "https://registry.npmjs.org/ansi-styles/-/ansi-styles-3.2.1.tgz"
    "version" "3.2.1"
    dependencies:
      "color-convert" "^1.9.0"
  
  "ansi-styles@^4.1.0":
    "integrity" "sha512-zbB9rCJAT1rbjiVDb2hqKFHNYLxgtk8NURxZ3IZwD3F6NtxbXZQCnnSi1Lkx+IDohdPlFp222wVALIheZJQSEg=="
    "resolved" "https://registry.npmjs.org/ansi-styles/-/ansi-styles-4.3.0.tgz"
    "version" "4.3.0"
    dependencies:
      "color-convert" "^2.0.1"
  
  "anymatch@~3.1.2":
    "integrity" "sha512-P43ePfOAIupkguHUycrc4qJ9kz8ZiuOUijaETwX7THt0Y/GNK7v0aa8rY816xWjZ7rJdA5XdMcpVFTKMq+RvWg=="
    "resolved" "https://registry.npmjs.org/anymatch/-/anymatch-3.1.2.tgz"
    "version" "3.1.2"
    dependencies:
      "normalize-path" "^3.0.0"
      "picomatch" "^2.0.4"
  
  "arg@^5.0.1":
    "integrity" "sha512-e0hDa9H2Z9AwFkk2qDlwhoMYE4eToKarchkQHovNdLTCYMHZHeRjI71crOh+dio4K6u1IcwubQqo79Ga4CyAQA=="
    "resolved" "https://registry.npmjs.org/arg/-/arg-5.0.1.tgz"
    "version" "5.0.1"
  
  "autoprefixer@^10.0.2", "autoprefixer@^10.4.2":
    "integrity" "sha512-9fOPpHKuDW1w/0EKfRmVnxTDt8166MAnLI3mgZ1JCnhNtYWxcJ6Ud5CO/AVOZi/AvFa8DY9RTy3h3+tFBlrrdQ=="
    "resolved" "https://registry.npmjs.org/autoprefixer/-/autoprefixer-10.4.2.tgz"
    "version" "10.4.2"
    dependencies:
      "browserslist" "^4.19.1"
      "caniuse-lite" "^1.0.30001297"
      "fraction.js" "^4.1.2"
      "normalize-range" "^0.1.2"
      "picocolors" "^1.0.0"
      "postcss-value-parser" "^4.2.0"
  
  "binary-extensions@^2.0.0":
    "integrity" "sha512-jDctJ/IVQbZoJykoeHbhXpOlNBqGNcwXJKJog42E5HDPUwQTSdjCHdihjj0DlnheQ7blbT6dHOafNAiS8ooQKA=="
    "resolved" "https://registry.npmjs.org/binary-extensions/-/binary-extensions-2.2.0.tgz"
    "version" "2.2.0"
  
  "braces@^3.0.1", "braces@~3.0.2":
    "integrity" "sha512-b8um+L1RzM3WDSzvhm6gIz1yfTbBt6YTlcEKAvsmqCZZFw46z626lVj9j1yEPW33H5H+lBQpZMP1k8l+78Ha0A=="
    "resolved" "https://registry.npmjs.org/braces/-/braces-3.0.2.tgz"
    "version" "3.0.2"
    dependencies:
      "fill-range" "^7.0.1"
  
  "browserslist@^4.17.5", "browserslist@^4.19.1":
    "integrity" "sha512-u2tbbG5PdKRTUoctO3NBD8FQ5HdPh1ZXPHzp1rwaa5jTc+RV9/+RlWiAIKmjRPQF+xbGM9Kklj5bZQFa2s/38A=="
    "resolved" "https://registry.npmjs.org/browserslist/-/browserslist-4.19.1.tgz"
    "version" "4.19.1"
    dependencies:
      "caniuse-lite" "^1.0.30001286"
      "electron-to-chromium" "^1.4.17"
      "escalade" "^3.1.1"
      "node-releases" "^2.0.1"
      "picocolors" "^1.0.0"
  
  "callsites@^3.0.0":
    "integrity" "sha512-P8BjAsXvZS+VIDUI11hHCQEv74YT67YUi5JJFNWIqL235sBmjX4+qx9Muvls5ivyNENctx46xQLQ3aTuE7ssaQ=="
    "resolved" "https://registry.npmjs.org/callsites/-/callsites-3.1.0.tgz"
    "version" "3.1.0"
  
  "camelcase-css@^2.0.1":
    "integrity" "sha512-QOSvevhslijgYwRx6Rv7zKdMF8lbRmx+uQGx2+vDc+KI/eBnsy9kit5aj23AgGu3pa4t9AgwbnXWqS+iOY+2aA=="
    "resolved" "https://registry.npmjs.org/camelcase-css/-/camelcase-css-2.0.1.tgz"
    "version" "2.0.1"
  
  "caniuse-lite@^1.0.30001286", "caniuse-lite@^1.0.30001297":
    "integrity" "sha512-iujN4+x7QzqA2NCSrS5VUy+4gLmRd4xv6vbBBsmfVqTx8bLAD8097euLqQgKxSVLvxjSDcvF1T/i9ocgnUFexw=="
    "resolved" "https://registry.npmjs.org/caniuse-lite/-/caniuse-lite-1.0.30001299.tgz"
    "version" "1.0.30001299"
  
  "chalk@^2.0.0":
    "integrity" "sha512-Mti+f9lpJNcwF4tWV8/OrTTtF1gZi+f8FqlyAdouralcFWFQWF2+NgCHShjkCb+IFBLq9buZwE1xckQU4peSuQ=="
    "resolved" "https://registry.npmjs.org/chalk/-/chalk-2.4.2.tgz"
    "version" "2.4.2"
    dependencies:
      "ansi-styles" "^3.2.1"
      "escape-string-regexp" "^1.0.5"
      "supports-color" "^5.3.0"
  
  "chalk@^4.1.2":
    "integrity" "sha512-oKnbhFyRIXpUuez8iBMmyEa4nbj4IOQyuhc/wy9kY7/WVPcwIO9VA668Pu8RkO7+0G76SLROeyw9CpQ061i4mA=="
    "resolved" "https://registry.npmjs.org/chalk/-/chalk-4.1.2.tgz"
    "version" "4.1.2"
    dependencies:
      "ansi-styles" "^4.1.0"
      "supports-color" "^7.1.0"
  
  "chokidar@^3.5.2":
    "integrity" "sha512-ekGhOnNVPgT77r4K/U3GDhu+FQ2S8TnK/s2KbIGXi0SZWuwkZ2QNyfWdZW+TVfn84DpEP7rLeCt2UI6bJ8GwbQ=="
    "resolved" "https://registry.npmjs.org/chokidar/-/chokidar-3.5.2.tgz"
    "version" "3.5.2"
    dependencies:
      "anymatch" "~3.1.2"
      "braces" "~3.0.2"
      "glob-parent" "~5.1.2"
      "is-binary-path" "~2.1.0"
      "is-glob" "~4.0.1"
      "normalize-path" "~3.0.0"
      "readdirp" "~3.6.0"
    optionalDependencies:
      "fsevents" "~2.3.2"
  
  "color-convert@^1.9.0":
    "integrity" "sha512-QfAUtd+vFdAtFQcC8CCyYt1fYWxSqAiK2cSD6zDB8N3cpsEBAvRxp9zOGg6G/SHHJYAT88/az/IuDGALsNVbGg=="
    "resolved" "https://registry.npmjs.org/color-convert/-/color-convert-1.9.3.tgz"
    "version" "1.9.3"
    dependencies:
      "color-name" "1.1.3"
  
  "color-convert@^2.0.1":
    "integrity" "sha512-RRECPsj7iu/xb5oKYcsFHSppFNnsj/52OVTRKb4zP5onXwVF3zVmmToNcOfGC+CRDpfK/U584fMg38ZHCaElKQ=="
    "resolved" "https://registry.npmjs.org/color-convert/-/color-convert-2.0.1.tgz"
    "version" "2.0.1"
    dependencies:
      "color-name" "~1.1.4"
  
  "color-name@^1.1.4", "color-name@~1.1.4":
    "integrity" "sha512-dOy+3AuW3a2wNbZHIuMZpTcgjGuLU/uBL/ubcZF9OXbDo8ff4O8yVp5Bf0efS8uEoYo5q4Fx7dY9OgQGXgAsQA=="
    "resolved" "https://registry.npmjs.org/color-name/-/color-name-1.1.4.tgz"
    "version" "1.1.4"
  
  "color-name@1.1.3":
    "integrity" "sha1-p9BVi9icQveV3UIyj3QIMcpTvCU="
    "resolved" "https://registry.npmjs.org/color-name/-/color-name-1.1.3.tgz"
    "version" "1.1.3"
  
  "convert-source-map@^1.7.0":
    "integrity" "sha512-+OQdjP49zViI/6i7nIJpA8rAl4sV/JdPfU9nZs3VqOwGIgizICvuN2ru6fMd+4llL0tar18UYJXfZ/TWtmhUjA=="
    "resolved" "https://registry.npmjs.org/convert-source-map/-/convert-source-map-1.8.0.tgz"
    "version" "1.8.0"
    dependencies:
      "safe-buffer" "~5.1.1"
  
  "copy-to-clipboard@^3":
    "integrity" "sha512-i13qo6kIHTTpCm8/Wup+0b1mVWETvu2kIMzKoK8FpkLkFxlt0znUAHcMzox+T8sPlqtZXq3CulEjQHsYiGFJUw=="
    "resolved" "https://registry.npmjs.org/copy-to-clipboard/-/copy-to-clipboard-3.3.1.tgz"
    "version" "3.3.1"
    dependencies:
      "toggle-selection" "^1.0.6"
  
  "cosmiconfig@^7.0.1":
    "integrity" "sha512-a1YWNUV2HwGimB7dU2s1wUMurNKjpx60HxBB6xUM8Re+2s1g1IIfJvFR0/iCF+XHdE0GMTKTuLR32UQff4TEyQ=="
    "resolved" "https://registry.npmjs.org/cosmiconfig/-/cosmiconfig-7.0.1.tgz"
    "version" "7.0.1"
    dependencies:
      "@types/parse-json" "^4.0.0"
      "import-fresh" "^3.2.1"
      "parse-json" "^5.0.0"
      "path-type" "^4.0.0"
      "yaml" "^1.10.0"
  
  "cssesc@^3.0.0":
    "integrity" "sha512-/Tb/JcjK111nNScGob5MNtsntNM1aCNUDipB/TkwZFhyDrrE47SOx/18wF2bbjgc3ZzCSKW1T5nt5EbFoAz/Vg=="
    "resolved" "https://registry.npmjs.org/cssesc/-/cssesc-3.0.0.tgz"
    "version" "3.0.0"
  
  "csstype@^3.0.2":
    "integrity" "sha512-2u44ZG2OcNUO9HDp/Jl8C07x6pU/eTR3ncV91SiK3dhG9TWvRVsCoJw14Ckx5DgWkzGA3waZWO3d7pgqpUI/XA=="
    "resolved" "https://registry.npmjs.org/csstype/-/csstype-3.0.10.tgz"
    "version" "3.0.10"
  
  "daisyui@^1.22.0":
    "integrity" "sha512-Gu5u+uGvEVJncgbf9lYVT4NbnYkPSxm2IRe7XcHYj8qBhOvXOVZpM+ifp4zj1/YvJhcViP+hjSYXlQCLd3ItfQ=="
    "resolved" "https://registry.npmjs.org/daisyui/-/daisyui-1.22.0.tgz"
    "version" "1.22.0"
  
  "debug@^4.1.0":
    "integrity" "sha512-/zxw5+vh1Tfv+4Qn7a5nsbcJKPaSvCDhojn6FEl9vupwK2VCSDtEiEtqr8DFtzYFOdz63LBkxec7DYuc2jon6Q=="
    "resolved" "https://registry.npmjs.org/debug/-/debug-4.3.3.tgz"
    "version" "4.3.3"
    dependencies:
      "ms" "2.1.2"
  
  "defined@^1.0.0":
    "integrity" "sha1-yY2bzvdWdBiOEQlpFRGZ45sfppM="
    "resolved" "https://registry.npmjs.org/defined/-/defined-1.0.0.tgz"
    "version" "1.0.0"
  
  "detective@^5.2.0":
    "integrity" "sha512-6SsIx+nUUbuK0EthKjv0zrdnajCCXVYGmbYYiYjFVpzcjwEs/JMDZ8tPRG29J/HhN56t3GJp2cGSWDRjjot8Pg=="
    "resolved" "https://registry.npmjs.org/detective/-/detective-5.2.0.tgz"
    "version" "5.2.0"
    dependencies:
      "acorn-node" "^1.6.1"
      "defined" "^1.0.0"
      "minimist" "^1.1.1"
  
  "didyoumean@^1.2.2":
    "integrity" "sha512-gxtyfqMg7GKyhQmb056K7M3xszy/myH8w+B4RT+QXBQsvAOdc3XymqDDPHx1BgPgsdAA5SIifona89YtRATDzw=="
    "resolved" "https://registry.npmjs.org/didyoumean/-/didyoumean-1.2.2.tgz"
    "version" "1.2.2"
  
  "dlv@^1.1.3":
    "integrity" "sha512-+HlytyjlPKnIG8XuRG8WvmBP8xs8P71y+SKKS6ZXWoEgLuePxtDoUEiH7WkdePWrQ5JBpE6aoVqfZfJUQkjXwA=="
    "resolved" "https://registry.npmjs.org/dlv/-/dlv-1.1.3.tgz"
    "version" "1.1.3"
  
  "electron-to-chromium@^1.4.17":
    "integrity" "sha512-PO3kEfcxPrti/4STbXvCkNIF4fgWvCKl2508e6UI7KomCDffpIfeBZLXsh5DK/XGsjUw3kwq6WEsi0MJTlGAdg=="
    "resolved" "https://registry.npmjs.org/electron-to-chromium/-/electron-to-chromium-1.4.43.tgz"
    "version" "1.4.43"
  
  "error-ex@^1.3.1":
    "integrity" "sha512-7dFHNmqeFSEt2ZBsCriorKnn3Z2pj+fd9kmI6QoWw4//DL+icEBfc0U7qJCisqrTsKTjw4fNFy2pW9OqStD84g=="
    "resolved" "https://registry.npmjs.org/error-ex/-/error-ex-1.3.2.tgz"
    "version" "1.3.2"
    dependencies:
      "is-arrayish" "^0.2.1"
  
  "esbuild-windows-64@0.13.15":
    "integrity" "sha512-9aMsPRGDWCd3bGjUIKG/ZOJPKsiztlxl/Q3C1XDswO6eNX/Jtwu4M+jb6YDH9hRSUflQWX0XKAfWzgy5Wk54JQ=="
    "resolved" "https://registry.npmjs.org/esbuild-windows-64/-/esbuild-windows-64-0.13.15.tgz"
    "version" "0.13.15"
  
  "esbuild@^0.13.12":
    "integrity" "sha512-raCxt02HBKv8RJxE8vkTSCXGIyKHdEdGfUmiYb8wnabnaEmHzyW7DCHb5tEN0xU8ryqg5xw54mcwnYkC4x3AIw=="
    "resolved" "https://registry.npmjs.org/esbuild/-/esbuild-0.13.15.tgz"
    "version" "0.13.15"
    optionalDependencies:
      "esbuild-android-arm64" "0.13.15"
      "esbuild-darwin-64" "0.13.15"
      "esbuild-darwin-arm64" "0.13.15"
      "esbuild-freebsd-64" "0.13.15"
      "esbuild-freebsd-arm64" "0.13.15"
      "esbuild-linux-32" "0.13.15"
      "esbuild-linux-64" "0.13.15"
      "esbuild-linux-arm" "0.13.15"
      "esbuild-linux-arm64" "0.13.15"
      "esbuild-linux-mips64le" "0.13.15"
      "esbuild-linux-ppc64le" "0.13.15"
      "esbuild-netbsd-64" "0.13.15"
      "esbuild-openbsd-64" "0.13.15"
      "esbuild-sunos-64" "0.13.15"
      "esbuild-windows-32" "0.13.15"
      "esbuild-windows-64" "0.13.15"
      "esbuild-windows-arm64" "0.13.15"
  
  "escalade@^3.1.1":
    "integrity" "sha512-k0er2gUkLf8O0zKJiAhmkTnJlTvINGv7ygDNPbeIsX/TJjGJZHuh9B2UxbsaEkmlEo9MfhrSzmhIlhRlI2GXnw=="
    "resolved" "https://registry.npmjs.org/escalade/-/escalade-3.1.1.tgz"
    "version" "3.1.1"
  
  "escape-string-regexp@^1.0.5":
    "integrity" "sha1-G2HAViGQqN/2rjuyzwIAyhMLhtQ="
    "resolved" "https://registry.npmjs.org/escape-string-regexp/-/escape-string-regexp-1.0.5.tgz"
    "version" "1.0.5"
  
  "estree-walker@^2.0.1":
    "integrity" "sha512-Rfkk/Mp/DL7JVje3u18FxFujQlTNR2q6QfMSMB7AvCBx91NGj/ba3kCfza0f6dVDbw7YlRf/nDrn7pQrCCyQ/w=="
    "resolved" "https://registry.npmjs.org/estree-walker/-/estree-walker-2.0.2.tgz"
    "version" "2.0.2"
  
  "fast-glob@^3.2.7":
    "integrity" "sha512-s9nFhFnvR63wls6/kM88kQqDhMu0AfdjqouE2l5GVQPbqLgyFjjU5ry/r2yKsJxpb9Py1EYNqieFrmMaX4v++A=="
    "resolved" "https://registry.npmjs.org/fast-glob/-/fast-glob-3.2.10.tgz"
    "version" "3.2.10"
    dependencies:
      "@nodelib/fs.stat" "^2.0.2"
      "@nodelib/fs.walk" "^1.2.3"
      "glob-parent" "^5.1.2"
      "merge2" "^1.3.0"
      "micromatch" "^4.0.4"
  
  "fastq@^1.6.0":
    "integrity" "sha512-YpkpUnK8od0o1hmeSc7UUs/eB/vIPWJYjKck2QKIzAf71Vm1AAQ3EbuZB3g2JIy+pg+ERD0vqI79KyZiB2e2Nw=="
    "resolved" "https://registry.npmjs.org/fastq/-/fastq-1.13.0.tgz"
    "version" "1.13.0"
    dependencies:
      "reusify" "^1.0.4"
  
  "fill-range@^7.0.1":
    "integrity" "sha512-qOo9F+dMUmC2Lcb4BbVvnKJxTPjCm+RRpe4gDuGrzkL7mEVl/djYSu2OdQ2Pa302N4oqkSg9ir6jaLWJ2USVpQ=="
    "resolved" "https://registry.npmjs.org/fill-range/-/fill-range-7.0.1.tgz"
    "version" "7.0.1"
    dependencies:
      "to-regex-range" "^5.0.1"
  
  "fraction.js@^4.1.2":
    "integrity" "sha512-o2RiJQ6DZaR/5+Si0qJUIy637QMRudSi9kU/FFzx9EZazrIdnBgpU+3sEWCxAVhH2RtxW2Oz+T4p2o8uOPVcgA=="
    "resolved" "https://registry.npmjs.org/fraction.js/-/fraction.js-4.1.2.tgz"
    "version" "4.1.2"
  
  "function-bind@^1.1.1":
    "integrity" "sha512-yIovAzMX49sF8Yl58fSCWJ5svSLuaibPxXQJFLmBObTuCr0Mf1KiPopGM9NiFjiYBCbfaa2Fh6breQ6ANVTI0A=="
    "resolved" "https://registry.npmjs.org/function-bind/-/function-bind-1.1.1.tgz"
    "version" "1.1.1"
  
  "gensync@^1.0.0-beta.2":
    "integrity" "sha512-3hN7NaskYvMDLQY55gnW3NQ+mesEAepTqlg+VEbj7zzqEMBVNhzcGYYeqFo/TlYz6eQiFcp1HcsCZO+nGgS8zg=="
    "resolved" "https://registry.npmjs.org/gensync/-/gensync-1.0.0-beta.2.tgz"
    "version" "1.0.0-beta.2"
  
  "glob-parent@^5.1.2", "glob-parent@~5.1.2":
    "integrity" "sha512-AOIgSQCepiJYwP3ARnGx+5VnTu2HBYdzbGP45eLw1vr3zB3vZLeyed1sC9hnbcOc9/SrMyM5RPQrkGz4aS9Zow=="
    "resolved" "https://registry.npmjs.org/glob-parent/-/glob-parent-5.1.2.tgz"
    "version" "5.1.2"
    dependencies:
      "is-glob" "^4.0.1"
  
  "glob-parent@^6.0.2":
    "integrity" "sha512-XxwI8EOhVQgWp6iDL+3b0r86f4d6AX6zSU55HfB4ydCEuXLXc5FcYeOu+nnGftS4TEju/11rt4KJPTMgbfmv4A=="
    "resolved" "https://registry.npmjs.org/glob-parent/-/glob-parent-6.0.2.tgz"
    "version" "6.0.2"
    dependencies:
      "is-glob" "^4.0.3"
  
  "globals@^11.1.0":
    "integrity" "sha512-WOBp/EEGUiIsJSp7wcv/y6MO+lV9UoncWqxuFfm8eBwzWNgyfBd6Gz+IeKQ9jCmyhoH99g15M3T+QaVHFjizVA=="
    "resolved" "https://registry.npmjs.org/globals/-/globals-11.12.0.tgz"
    "version" "11.12.0"
  
  "has-flag@^3.0.0":
    "integrity" "sha1-tdRU3CGZriJWmfNGfloH87lVuv0="
    "resolved" "https://registry.npmjs.org/has-flag/-/has-flag-3.0.0.tgz"
    "version" "3.0.0"
  
  "has-flag@^4.0.0":
    "integrity" "sha512-EykJT/Q1KjTWctppgIAgfSO0tKVuZUjhgMr17kqTumMl6Afv3EISleU7qZUzoXDFTAHTDC4NOoG/ZxU3EvlMPQ=="
    "resolved" "https://registry.npmjs.org/has-flag/-/has-flag-4.0.0.tgz"
    "version" "4.0.0"
  
  "has@^1.0.3":
    "integrity" "sha512-f2dvO0VU6Oej7RkWJGrehjbzMAjFp5/VKPp5tTpWIV4JHHZK1/BxbFRtf/siA2SWTe09caDmVtYYzWEIbBS4zw=="
    "resolved" "https://registry.npmjs.org/has/-/has-1.0.3.tgz"
    "version" "1.0.3"
    dependencies:
      "function-bind" "^1.1.1"
  
  "import-fresh@^3.2.1":
    "integrity" "sha512-veYYhQa+D1QBKznvhUHxb8faxlrwUnxseDAbAp457E0wLNio2bOSKnjYDhMj+YiAq61xrMGhQk9iXVk5FzgQMw=="
    "resolved" "https://registry.npmjs.org/import-fresh/-/import-fresh-3.3.0.tgz"
    "version" "3.3.0"
    dependencies:
      "parent-module" "^1.0.0"
      "resolve-from" "^4.0.0"
  
  "is-arrayish@^0.2.1":
    "integrity" "sha1-d8mYQFJ6qOyxqLppe4BkWnqSap0="
    "resolved" "https://registry.npmjs.org/is-arrayish/-/is-arrayish-0.2.1.tgz"
    "version" "0.2.1"
  
  "is-binary-path@~2.1.0":
    "integrity" "sha512-ZMERYes6pDydyuGidse7OsHxtbI7WVeUEozgR/g7rd0xUimYNlvZRE/K2MgZTjWy725IfelLeVcEM97mmtRGXw=="
    "resolved" "https://registry.npmjs.org/is-binary-path/-/is-binary-path-2.1.0.tgz"
    "version" "2.1.0"
    dependencies:
      "binary-extensions" "^2.0.0"
  
  "is-core-module@^2.8.0":
    "integrity" "sha512-SdNCUs284hr40hFTFP6l0IfZ/RSrMXF3qgoRHd3/79unUTvrFO/JoXwkGm+5J/Oe3E/b5GsnG330uUNgRpu1PA=="
    "resolved" "https://registry.npmjs.org/is-core-module/-/is-core-module-2.8.1.tgz"
    "version" "2.8.1"
    dependencies:
      "has" "^1.0.3"
  
  "is-extglob@^2.1.1":
    "integrity" "sha1-qIwCU1eR8C7TfHahueqXc8gz+MI="
    "resolved" "https://registry.npmjs.org/is-extglob/-/is-extglob-2.1.1.tgz"
    "version" "2.1.1"
  
  "is-glob@^4.0.1", "is-glob@^4.0.3", "is-glob@~4.0.1":
    "integrity" "sha512-xelSayHH36ZgE7ZWhli7pW34hNbNl8Ojv5KVmkJD4hBdD3th8Tfk9vYasLM+mXWOZhFkgZfxhLSnrwRr4elSSg=="
    "resolved" "https://registry.npmjs.org/is-glob/-/is-glob-4.0.3.tgz"
    "version" "4.0.3"
    dependencies:
      "is-extglob" "^2.1.1"
  
  "is-number@^7.0.0":
    "integrity" "sha512-41Cifkg6e8TylSpdtTpeLVMqvSBEVzTttHvERD741+pnZ8ANv0004MRL43QKPDlK9cGvNp6NZWZUBlbGXYxxng=="
    "resolved" "https://registry.npmjs.org/is-number/-/is-number-7.0.0.tgz"
    "version" "7.0.0"
  
  "js-tokens@^3.0.0 || ^4.0.0", "js-tokens@^4.0.0":
    "integrity" "sha512-RdJUflcE3cUzKiMqQgsCu06FPu9UdIJO0beYbPhHN4k6apgJtifcoCtT9bcxOpYBtpD2kCM6Sbzg4CausW/PKQ=="
    "resolved" "https://registry.npmjs.org/js-tokens/-/js-tokens-4.0.0.tgz"
    "version" "4.0.0"
  
  "jsesc@^2.5.1":
    "integrity" "sha512-OYu7XEzjkCQ3C5Ps3QIZsQfNpqoJyZZA99wd9aWd05NCtC5pWOkShK2mkL6HXQR6/Cy2lbNdPlZBpuQHXE63gA=="
    "resolved" "https://registry.npmjs.org/jsesc/-/jsesc-2.5.2.tgz"
    "version" "2.5.2"
  
  "json-parse-even-better-errors@^2.3.0":
    "integrity" "sha512-xyFwyhro/JEof6Ghe2iz2NcXoj2sloNsWr/XsERDK/oiPCfaNhl5ONfp+jQdAZRQQ0IJWNzH9zIZF7li91kh2w=="
    "resolved" "https://registry.npmjs.org/json-parse-even-better-errors/-/json-parse-even-better-errors-2.3.1.tgz"
    "version" "2.3.1"
  
  "json5@^2.1.2":
    "integrity" "sha512-f+8cldu7X/y7RAJurMEJmdoKXGB/X550w2Nr3tTbezL6RwEE/iMcm+tZnXeoZtKuOq6ft8+CqzEkrIgx1fPoQA=="
    "resolved" "https://registry.npmjs.org/json5/-/json5-2.2.0.tgz"
    "version" "2.2.0"
    dependencies:
      "minimist" "^1.2.5"
  
  "lilconfig@^2.0.4":
    "integrity" "sha512-bfTIN7lEsiooCocSISTWXkiWJkRqtL9wYtYy+8EK3Y41qh3mpwPU0ycTOgjdY9ErwXCc8QyrQp82bdL0Xkm9yA=="
    "resolved" "https://registry.npmjs.org/lilconfig/-/lilconfig-2.0.4.tgz"
    "version" "2.0.4"
  
  "lines-and-columns@^1.1.6":
    "integrity" "sha512-7ylylesZQ/PV29jhEDl3Ufjo6ZX7gCqJr5F7PKrqc93v7fzSymt1BpwEU8nAUXs8qzzvqhbjhK5QZg6Mt/HkBg=="
    "resolved" "https://registry.npmjs.org/lines-and-columns/-/lines-and-columns-1.2.4.tgz"
    "version" "1.2.4"
  
  "loose-envify@^1.1.0", "loose-envify@^1.4.0":
    "integrity" "sha512-lyuxPGr/Wfhrlem2CL/UcnUc1zcqKAImBDzukY7Y5F/yQiNdko6+fRLevlw1HgMySw7f611UIY408EtxRSoK3Q=="
    "resolved" "https://registry.npmjs.org/loose-envify/-/loose-envify-1.4.0.tgz"
    "version" "1.4.0"
    dependencies:
      "js-tokens" "^3.0.0 || ^4.0.0"
  
  "merge2@^1.3.0":
    "integrity" "sha512-8q7VEgMJW4J8tcfVPy8g09NcQwZdbwFEqhe/WZkoIzjn/3TGDwtOCYtXGxA3O8tPzpczCCDgv+P2P5y00ZJOOg=="
    "resolved" "https://registry.npmjs.org/merge2/-/merge2-1.4.1.tgz"
    "version" "1.4.1"
  
  "micromatch@^4.0.4":
    "integrity" "sha512-pRmzw/XUcwXGpD9aI9q/0XOwLNygjETJ8y0ao0wdqprrzDa4YnxLcz7fQRZr8voh8V10kGhABbNcHVk5wHgWwg=="
    "resolved" "https://registry.npmjs.org/micromatch/-/micromatch-4.0.4.tgz"
    "version" "4.0.4"
    dependencies:
      "braces" "^3.0.1"
      "picomatch" "^2.2.3"
  
  "minimist@^1.1.1", "minimist@^1.2.5":
    "integrity" "sha512-FM9nNUYrRBAELZQT3xeZQ7fmMOBg6nWNmJKTcgsJeaLstP/UODVpGsr5OhXhhXg6f+qtJ8uiZ+PUxkDWcgIXLw=="
    "resolved" "https://registry.npmjs.org/minimist/-/minimist-1.2.5.tgz"
    "version" "1.2.5"
  
  "ms@2.1.2":
    "integrity" "sha512-sGkPx+VjMtmA6MX27oA4FBFELFCZZ4S4XqeGOXCv68tT+jb3vk/RyaKWP0PTKyWtmLSM0b+adUTEvbs1PEaH2w=="
    "resolved" "https://registry.npmjs.org/ms/-/ms-2.1.2.tgz"
    "version" "2.1.2"
  
  "nanoid@^3.1.30":
    "integrity" "sha512-ZivnJm0o9bb13p2Ot5CpgC2rQdzB9Uxm/mFZweqm5eMViqOJe3PV6LU2E30SiLgheesmcPrjquqraoolONSA0A=="
    "resolved" "https://registry.npmjs.org/nanoid/-/nanoid-3.1.31.tgz"
    "version" "3.1.31"
  
  "node-releases@^2.0.1":
    "integrity" "sha512-CqyzN6z7Q6aMeF/ktcMVTzhAHCEpf8SOarwpzpf8pNBY2k5/oM34UHldUwp8VKI7uxct2HxSRdJjBaZeESzcxA=="
    "resolved" "https://registry.npmjs.org/node-releases/-/node-releases-2.0.1.tgz"
    "version" "2.0.1"
  
  "normalize-path@^3.0.0", "normalize-path@~3.0.0":
    "integrity" "sha512-6eZs5Ls3WtCisHWp9S2GUy8dqkpGi4BVSz3GaqiE6ezub0512ESztXUwUB6C6IKbQkY2Pnb/mD4WYojCRwcwLA=="
    "resolved" "https://registry.npmjs.org/normalize-path/-/normalize-path-3.0.0.tgz"
    "version" "3.0.0"
  
  "normalize-range@^0.1.2":
    "integrity" "sha1-LRDAa9/TEuqXd2laTShDlFa3WUI="
    "resolved" "https://registry.npmjs.org/normalize-range/-/normalize-range-0.1.2.tgz"
    "version" "0.1.2"
  
  "object-assign@^4.1.1":
    "integrity" "sha1-IQmtx5ZYh8/AXLvUQsrIv7s2CGM="
    "resolved" "https://registry.npmjs.org/object-assign/-/object-assign-4.1.1.tgz"
    "version" "4.1.1"
  
  "object-hash@^2.2.0":
    "integrity" "sha512-gScRMn0bS5fH+IuwyIFgnh9zBdo4DV+6GhygmWM9HyNJSgS0hScp1f5vjtm7oIIOiT9trXrShAkLFSc2IqKNgw=="
    "resolved" "https://registry.npmjs.org/object-hash/-/object-hash-2.2.0.tgz"
    "version" "2.2.0"
  
  "parent-module@^1.0.0":
    "integrity" "sha512-GQ2EWRpQV8/o+Aw8YqtfZZPfNRWZYkbidE9k5rpl/hC3vtHHBfGm2Ifi6qWV+coDGkrUKZAxE3Lot5kcsRlh+g=="
    "resolved" "https://registry.npmjs.org/parent-module/-/parent-module-1.0.1.tgz"
    "version" "1.0.1"
    dependencies:
      "callsites" "^3.0.0"
  
  "parse-json@^5.0.0":
    "integrity" "sha512-ayCKvm/phCGxOkYRSCM82iDwct8/EonSEgCSxWxD7ve6jHggsFl4fZVQBPRNgQoKiuV/odhFrGzQXZwbifC8Rg=="
    "resolved" "https://registry.npmjs.org/parse-json/-/parse-json-5.2.0.tgz"
    "version" "5.2.0"
    dependencies:
      "@babel/code-frame" "^7.0.0"
      "error-ex" "^1.3.1"
      "json-parse-even-better-errors" "^2.3.0"
      "lines-and-columns" "^1.1.6"
  
  "path-parse@^1.0.7":
    "integrity" "sha512-LDJzPVEEEPR+y48z93A0Ed0yXb8pAByGWo/k5YYdYgpY2/2EsOsksJrq7lOHxryrVOn1ejG6oAp8ahvOIQD8sw=="
    "resolved" "https://registry.npmjs.org/path-parse/-/path-parse-1.0.7.tgz"
    "version" "1.0.7"
  
  "path-type@^4.0.0":
    "integrity" "sha512-gDKb8aZMDeD/tZWs9P6+q0J9Mwkdl6xMV8TjnGP3qJVJ06bdMgkbBlLU8IdfOsIsFz2BW1rNVT3XuNEl8zPAvw=="
    "resolved" "https://registry.npmjs.org/path-type/-/path-type-4.0.0.tgz"
    "version" "4.0.0"
  
  "picocolors@^1.0.0":
    "integrity" "sha512-1fygroTLlHu66zi26VoTDv8yRgm0Fccecssto+MhsZ0D/DGW2sm8E8AjW7NU5VVTRt5GxbeZ5qBuJr+HyLYkjQ=="
    "resolved" "https://registry.npmjs.org/picocolors/-/picocolors-1.0.0.tgz"
    "version" "1.0.0"
  
  "picomatch@^2.0.4", "picomatch@^2.2.1", "picomatch@^2.2.2", "picomatch@^2.2.3":
    "integrity" "sha512-JU3teHTNjmE2VCGFzuY8EXzCDVwEqB2a8fsIvwaStHhAWJEeVd1o1QD80CU6+ZdEXXSLbSsuLwJjkCBWqRQUVA=="
    "resolved" "https://registry.npmjs.org/picomatch/-/picomatch-2.3.1.tgz"
    "version" "2.3.1"
  
  "postcss-js@^4.0.0":
    "integrity" "sha512-77QESFBwgX4irogGVPgQ5s07vLvFqWr228qZY+w6lW599cRlK/HmnlivnnVUxkjHnCu4J16PDMHcH+e+2HbvTQ=="
    "resolved" "https://registry.npmjs.org/postcss-js/-/postcss-js-4.0.0.tgz"
    "version" "4.0.0"
    dependencies:
      "camelcase-css" "^2.0.1"
  
  "postcss-load-config@^3.1.0":
    "integrity" "sha512-c/9XYboIbSEUZpiD1UQD0IKiUe8n9WHYV7YFe7X7J+ZwCsEKkUJSFWjS9hBU1RR9THR7jMXst8sxiqP0jjo2mg=="
    "resolved" "https://registry.npmjs.org/postcss-load-config/-/postcss-load-config-3.1.1.tgz"
    "version" "3.1.1"
    dependencies:
      "lilconfig" "^2.0.4"
      "yaml" "^1.10.2"
  
  "postcss-nested@5.0.6":
    "integrity" "sha512-rKqm2Fk0KbA8Vt3AdGN0FB9OBOMDVajMG6ZCf/GoHgdxUJ4sBFp0A/uMIRm+MJUdo33YXEtjqIz8u7DAp8B7DA=="
    "resolved" "https://registry.npmjs.org/postcss-nested/-/postcss-nested-5.0.6.tgz"
    "version" "5.0.6"
    dependencies:
      "postcss-selector-parser" "^6.0.6"
  
  "postcss-selector-parser@^6.0.6", "postcss-selector-parser@^6.0.8":
    "integrity" "sha512-D5PG53d209Z1Uhcc0qAZ5U3t5HagH3cxu+WLZ22jt3gLUpXM4eXXfiO14jiDWST3NNooX/E8wISfOhZ9eIjGTQ=="
    "resolved" "https://registry.npmjs.org/postcss-selector-parser/-/postcss-selector-parser-6.0.8.tgz"
    "version" "6.0.8"
    dependencies:
      "cssesc" "^3.0.0"
      "util-deprecate" "^1.0.2"
  
  "postcss-value-parser@^4.2.0":
    "integrity" "sha512-1NNCs6uurfkVbeXG4S8JFT9t19m45ICnif8zWLd5oPSZ50QnwMfK+H3jv408d4jw/7Bttv5axS5IiHoLaVNHeQ=="
    "resolved" "https://registry.npmjs.org/postcss-value-parser/-/postcss-value-parser-4.2.0.tgz"
    "version" "4.2.0"
  
  "postcss@^8.0.9", "postcss@^8.1.0", "postcss@^8.2.14", "postcss@^8.3.3", "postcss@^8.4.5":
    "integrity" "sha512-jBDboWM8qpaqwkMwItqTQTiFikhs/67OYVvblFFTM7MrZjt6yMKd6r2kgXizEbTTljacm4NldIlZnhbjr84QYg=="
    "resolved" "https://registry.npmjs.org/postcss/-/postcss-8.4.5.tgz"
    "version" "8.4.5"
    dependencies:
      "nanoid" "^3.1.30"
      "picocolors" "^1.0.0"
      "source-map-js" "^1.0.1"
  
  "prop-types@^15.5.8", "prop-types@^15.6.0":
    "integrity" "sha512-oj87CgZICdulUohogVAR7AjlC0327U4el4L6eAvOqCeudMDVU0NThNaV+b9Df4dXgSP1gXMTnPdhfe/2qDH5cg=="
    "resolved" "https://registry.npmjs.org/prop-types/-/prop-types-15.8.1.tgz"
    "version" "15.8.1"
    dependencies:
      "loose-envify" "^1.4.0"
      "object-assign" "^4.1.1"
      "react-is" "^16.13.1"
  
  "queue-microtask@^1.2.2":
    "integrity" "sha512-NuaNSa6flKT5JaSYQzJok04JzTL1CA6aGhv5rfLW3PgqA+M2ChpZQnAC8h8i4ZFkBS8X5RqkDBHA7r4hej3K9A=="
    "resolved" "https://registry.npmjs.org/queue-microtask/-/queue-microtask-1.2.3.tgz"
    "version" "1.2.3"
  
  "quick-lru@^5.1.1":
    "integrity" "sha512-WuyALRjWPDGtt/wzJiadO5AXY+8hZ80hVpe6MyivgraREW751X3SbhRvG3eLKOYN+8VEvqLcf3wdnt44Z4S4SA=="
    "resolved" "https://registry.npmjs.org/quick-lru/-/quick-lru-5.1.1.tgz"
    "version" "5.1.1"
  
  "react-copy-to-clipboard@^5.0.4":
    "integrity" "sha512-IeVAiNVKjSPeGax/Gmkqfa/+PuMTBhutEvFUaMQLwE2tS0EXrAdgOpWDX26bWTXF3HrioorR7lr08NqeYUWQCQ=="
    "resolved" "https://registry.npmjs.org/react-copy-to-clipboard/-/react-copy-to-clipboard-5.0.4.tgz"
    "version" "5.0.4"
    dependencies:
      "copy-to-clipboard" "^3"
      "prop-types" "^15.5.8"
  
  "react-dom@^16 || ^17", "react-dom@^17.0.2":
    "integrity" "sha512-s4h96KtLDUQlsENhMn1ar8t2bEa+q/YAtj8pPPdIjPDGBDIVNsrD9aXNWqspUe6AzKCIG0C1HZZLqLV7qpOBGA=="
    "resolved" "https://registry.npmjs.org/react-dom/-/react-dom-17.0.2.tgz"
    "version" "17.0.2"
    dependencies:
      "loose-envify" "^1.1.0"
      "object-assign" "^4.1.1"
      "scheduler" "^0.20.2"
  
  "react-google-login@^5.2.2":
    "integrity" "sha512-JUngfvaSMcOuV0lFff7+SzJ2qviuNMQdqlsDJkUM145xkGPVIfqWXq9Ui+2Dr6jdJWH5KYdynz9+4CzKjI5u6g=="
    "resolved" "https://registry.npmjs.org/react-google-login/-/react-google-login-5.2.2.tgz"
    "version" "5.2.2"
    dependencies:
      "@types/react" "*"
      "prop-types" "^15.6.0"
  
  "react-is@^16.13.1":
    "integrity" "sha512-24e6ynE2H+OKt4kqsOvNd8kBpV65zoxbA4BVsEOB3ARVWQki/DHzaUoC5KuON/BiccDaCCTZBuOcfZs70kR8bQ=="
    "resolved" "https://registry.npmjs.org/react-is/-/react-is-16.13.1.tgz"
    "version" "16.13.1"
  
  "react-refresh@^0.11.0":
    "integrity" "sha512-F27qZr8uUqwhWZboondsPx8tnC3Ct3SxZA3V5WyEvujRyyNv0VYPhoBg1gZ8/MV5tubQp76Trw8lTv9hzRBa+A=="
    "resolved" "https://registry.npmjs.org/react-refresh/-/react-refresh-0.11.0.tgz"
    "version" "0.11.0"
  
  "react@^15.3.0 || ^16.0.0 || ^17.0.0", "react@^16 || ^17", "react@^17.0.2", "react@17.0.2":
    "integrity" "sha512-gnhPt75i/dq/z3/6q/0asP78D0u592D5L1pd7M8P+dck6Fu/jJeL6iVVK23fptSUZj8Vjf++7wXA8UNclGQcbA=="
    "resolved" "https://registry.npmjs.org/react/-/react-17.0.2.tgz"
    "version" "17.0.2"
    dependencies:
      "loose-envify" "^1.1.0"
      "object-assign" "^4.1.1"
  
  "readdirp@~3.6.0":
    "integrity" "sha512-hOS089on8RduqdbhvQ5Z37A0ESjsqz6qnRcffsMU3495FuTdqSm+7bhJ29JvIOsBDEEnan5DPu9t3To9VRlMzA=="
    "resolved" "https://registry.npmjs.org/readdirp/-/readdirp-3.6.0.tgz"
    "version" "3.6.0"
    dependencies:
      "picomatch" "^2.2.1"
  
  "resolve-from@^4.0.0":
    "integrity" "sha512-pb/MYmXstAkysRFx8piNI1tGFNQIFA3vkE3Gq4EuA1dF6gHp/+vgZqsCGJapvy8N3Q+4o7FwvquPJcnZ7RYy4g=="
    "resolved" "https://registry.npmjs.org/resolve-from/-/resolve-from-4.0.0.tgz"
    "version" "4.0.0"
  
  "resolve@^1.20.0", "resolve@^1.21.0":
    "integrity" "sha512-3wCbTpk5WJlyE4mSOtDLhqQmGFi0/TD9VPwmiolnk8U0wRgMEktqCXd3vy5buTO3tljvalNvKrjHEfrd2WpEKA=="
    "resolved" "https://registry.npmjs.org/resolve/-/resolve-1.21.0.tgz"
    "version" "1.21.0"
    dependencies:
      "is-core-module" "^2.8.0"
      "path-parse" "^1.0.7"
      "supports-preserve-symlinks-flag" "^1.0.0"
  
  "reusify@^1.0.4":
    "integrity" "sha512-U9nH88a3fc/ekCF1l0/UP1IosiuIjyTh7hBvXVMHYgVcfGvt897Xguj2UOLDeI5BG2m7/uwyaLVT6fbtCwTyzw=="
    "resolved" "https://registry.npmjs.org/reusify/-/reusify-1.0.4.tgz"
    "version" "1.0.4"
  
  "rollup@^2.59.0":
    "integrity" "sha512-nps0idjmD+NXl6OREfyYXMn/dar3WGcyKn+KBzPdaLecub3x/LrId0wUcthcr8oZUAcZAR8NKcfGGFlNgGL1kQ=="
    "resolved" "https://registry.npmjs.org/rollup/-/rollup-2.63.0.tgz"
    "version" "2.63.0"
    optionalDependencies:
      "fsevents" "~2.3.2"
  
  "run-parallel@^1.1.9":
    "integrity" "sha512-5l4VyZR86LZ/lDxZTR6jqL8AFE2S0IFLMP26AbjsLVADxHdhB/c0GUsH+y39UfCi3dzz8OlQuPmnaJOMoDHQBA=="
    "resolved" "https://registry.npmjs.org/run-parallel/-/run-parallel-1.2.0.tgz"
    "version" "1.2.0"
    dependencies:
      "queue-microtask" "^1.2.2"
  
  "safe-buffer@~5.1.1":
    "integrity" "sha512-Gd2UZBJDkXlY7GbJxfsE8/nvKkUEU1G38c1siN6QP6a9PT9MmHB8GnpscSmMJSoF8LOIrt8ud/wPtojys4G6+g=="
    "resolved" "https://registry.npmjs.org/safe-buffer/-/safe-buffer-5.1.2.tgz"
    "version" "5.1.2"
  
  "scheduler@^0.20.2":
    "integrity" "sha512-2eWfGgAqqWFGqtdMmcL5zCMK1U8KlXv8SQFGglL3CEtd0aDVDWgeF/YoCmvln55m5zSk3J/20hTaSBeSObsQDQ=="
    "resolved" "https://registry.npmjs.org/scheduler/-/scheduler-0.20.2.tgz"
    "version" "0.20.2"
    dependencies:
      "loose-envify" "^1.1.0"
      "object-assign" "^4.1.1"
  
  "semver@^6.3.0":
    "integrity" "sha512-b39TBaTSfV6yBrapU89p5fKekE2m/NwnDocOVruQFS1/veMgdzuPcnOM34M6CwxW8jH/lxEa5rBoDeUwu5HHTw=="
    "resolved" "https://registry.npmjs.org/semver/-/semver-6.3.0.tgz"
    "version" "6.3.0"
  
  "source-map-js@^1.0.1":
    "integrity" "sha512-4+TN2b3tqOCd/kaGRJ/sTYA0tR0mdXx26ipdolxcwtJVqEnqNYvlCAt1q3ypy4QMlYus+Zh34RNtYLoq2oQ4IA=="
    "resolved" "https://registry.npmjs.org/source-map-js/-/source-map-js-1.0.1.tgz"
    "version" "1.0.1"
  
  "source-map@^0.5.0":
    "integrity" "sha1-igOdLRAh0i0eoUyA2OpGi6LvP8w="
    "resolved" "https://registry.npmjs.org/source-map/-/source-map-0.5.7.tgz"
    "version" "0.5.7"
  
  "supports-color@^5.3.0":
    "integrity" "sha512-QjVjwdXIt408MIiAqCX4oUKsgU2EqAGzs2Ppkm4aQYbjm+ZEWEcW4SfFNTr4uMNZma0ey4f5lgLrkB0aX0QMow=="
    "resolved" "https://registry.npmjs.org/supports-color/-/supports-color-5.5.0.tgz"
    "version" "5.5.0"
    dependencies:
      "has-flag" "^3.0.0"
  
  "supports-color@^7.1.0":
    "integrity" "sha512-qpCAvRl9stuOHveKsn7HncJRvv501qIacKzQlO/+Lwxc9+0q2wLyv4Dfvt80/DPn2pqOBsJdDiogXGR9+OvwRw=="
    "resolved" "https://registry.npmjs.org/supports-color/-/supports-color-7.2.0.tgz"
    "version" "7.2.0"
    dependencies:
      "has-flag" "^4.0.0"
  
  "supports-preserve-symlinks-flag@^1.0.0":
    "integrity" "sha512-ot0WnXS9fgdkgIcePe6RHNk1WA8+muPa6cSjeR3V8K27q9BB1rTE3R1p7Hv0z1ZyAc8s6Vvv8DIyWf681MAt0w=="
    "resolved" "https://registry.npmjs.org/supports-preserve-symlinks-flag/-/supports-preserve-symlinks-flag-1.0.0.tgz"
    "version" "1.0.0"
  
  "tailwindcss@^3.0.13":
    "integrity" "sha512-raRPGFwQSGXn/3h0ttHND9jyPYfqk/ur2NXtlQuK25+ZnrCjlH1s1j4/oPswHGMoZzGNykUVycZ/LcROanUE0A=="
    "resolved" "https://registry.npmjs.org/tailwindcss/-/tailwindcss-3.0.13.tgz"
    "version" "3.0.13"
    dependencies:
      "arg" "^5.0.1"
      "chalk" "^4.1.2"
      "chokidar" "^3.5.2"
      "color-name" "^1.1.4"
      "cosmiconfig" "^7.0.1"
      "detective" "^5.2.0"
      "didyoumean" "^1.2.2"
      "dlv" "^1.1.3"
      "fast-glob" "^3.2.7"
      "glob-parent" "^6.0.2"
      "is-glob" "^4.0.3"
      "normalize-path" "^3.0.0"
      "object-hash" "^2.2.0"
      "postcss-js" "^4.0.0"
      "postcss-load-config" "^3.1.0"
      "postcss-nested" "5.0.6"
      "postcss-selector-parser" "^6.0.8"
      "postcss-value-parser" "^4.2.0"
      "quick-lru" "^5.1.1"
      "resolve" "^1.21.0"
  
  "to-fast-properties@^2.0.0":
    "integrity" "sha1-3F5pjL0HkmW8c+A3doGk5Og/YW4="
    "resolved" "https://registry.npmjs.org/to-fast-properties/-/to-fast-properties-2.0.0.tgz"
    "version" "2.0.0"
  
  "to-regex-range@^5.0.1":
    "integrity" "sha512-65P7iz6X5yEr1cwcgvQxbbIw7Uk3gOy5dIdtZ4rDveLqhrdJP+Li/Hx6tyK0NEb+2GCyneCMJiGqrADCSNk8sQ=="
    "resolved" "https://registry.npmjs.org/to-regex-range/-/to-regex-range-5.0.1.tgz"
    "version" "5.0.1"
    dependencies:
      "is-number" "^7.0.0"
  
  "toggle-selection@^1.0.6":
    "integrity" "sha1-bkWxJj8gF/oKzH2J14sVuL932jI="
    "resolved" "https://registry.npmjs.org/toggle-selection/-/toggle-selection-1.0.6.tgz"
    "version" "1.0.6"
  
  "typescript@^4.4.4":
    "integrity" "sha512-VgYs2A2QIRuGphtzFV7aQJduJ2gyfTljngLzjpfW9FoYZF6xuw1W0vW9ghCKLfcWrCFxK81CSGRAvS1pn4fIUg=="
    "resolved" "https://registry.npmjs.org/typescript/-/typescript-4.5.4.tgz"
    "version" "4.5.4"
  
  "util-deprecate@^1.0.2":
    "integrity" "sha1-RQ1Nyfpw3nMnYvvS1KKJgUGaDM8="
    "resolved" "https://registry.npmjs.org/util-deprecate/-/util-deprecate-1.0.2.tgz"
    "version" "1.0.2"
  
  "vite@^2.7.2":
    "integrity" "sha512-KEY96ntXUid1/xJihJbgmLZx7QSC2D4Tui0FdS0Old5OokYzFclcofhtxtjDdGOk/fFpPbHv9yw88+rB93Tb8w=="
    "resolved" "https://registry.npmjs.org/vite/-/vite-2.7.10.tgz"
    "version" "2.7.10"
    dependencies:
      "esbuild" "^0.13.12"
      "postcss" "^8.4.5"
      "resolve" "^1.20.0"
      "rollup" "^2.59.0"
    optionalDependencies:
      "fsevents" "~2.3.2"
  
  "xtend@^4.0.2":
    "integrity" "sha512-LKYU1iAXJXUgAXn9URjiu+MWhyUXHsvfp7mcuYm9dSUKK0/CjtrUwFAxD82/mCWbtLsGjFIad0wIsod4zrTAEQ=="
    "resolved" "https://registry.npmjs.org/xtend/-/xtend-4.0.2.tgz"
    "version" "4.0.2"
  
  "yaml@^1.10.0", "yaml@^1.10.2":
    "integrity" "sha512-r3vXyErRCYJ7wg28yvBY5VSoAF8ZvlcW9/BwUzEtUsjvX/DKs24dIkuwjtuprwJJHsbyUbLApepYTR1BN4uHrg=="
    "resolved" "https://registry.npmjs.org/yaml/-/yaml-1.10.2.tgz"
    "version" "1.10.2"
